#
# There is insufficient memory for the Java Runtime Environment to continue.
# Native memory allocation (malloc) failed to allocate 740176 bytes for Chunk::new
# Possible reasons:
#   The system is out of physical RAM or swap space
#   The process is running with CompressedOops enabled, and the Java Heap may be blocking the growth of the native heap
# Possible solutions:
#   Reduce memory load on the system
#   Increase physical memory or swap space
#   Check if swap backing store is full
#   Decrease Java heap size (-Xmx/-Xms)
#   Decrease number of Java threads
#   Decrease Java thread stack sizes (-Xss)
#   Set larger code cache with -XX:ReservedCodeCacheSize=
#   JVM is running with Unscaled Compressed Oops mode in which the Java heap is
#     placed in the first 4GB address space. The Java Heap base address is the
#     maximum limit for the native heap growth. Please use -XX:HeapBaseMinAddress
#     to set the Java Heap base and to place the Java Heap above 4GB virtual address.
# This output file may be truncated or incomplete.
#
#  Out of Memory Error (allocation.cpp:389), pid=1948, tid=0x0000000000002b08
#
# JRE version: OpenJDK Runtime Environment (8.0_242-b01) (build 1.8.0_242-release-1644-b01)
# Java VM: OpenJDK 64-Bit Server VM (25.242-b01 mixed mode windows-amd64 compressed oops)
# Failed to write core dump. Minidumps are not enabled by default on client versions of Windows
#

---------------  T H R E A D  ---------------

Current thread (0x0000000017447800):  JavaThread "C2 CompilerThread0" daemon [_thread_in_native, id=11016, stack(0x0000000018a90000,0x0000000018b90000)]

Stack: [0x0000000018a90000,0x0000000018b90000]
[error occurred during error reporting (printing stack bounds), id 0xc0000005]

Native frames: (J=compiled Java code, j=interpreted, Vv=VM code, C=native code)


Current CompileTask:
C2:   7060 2601       4       java.net.URLClassLoader$1::run (5 bytes)


---------------  P R O C E S S  ---------------

Java Threads: ( => current thread )
  0x000000001b364800 JavaThread "Cache worker for file content cache (C:\Users\user\.gradle\caches\6.5\fileContent)" [_thread_blocked, id=11712, stack(0x0000000023010000,0x0000000023110000)]
  0x000000001b364000 JavaThread "File lock release action executor" [_thread_blocked, id=300, stack(0x0000000022f10000,0x0000000023010000)]
  0x000000001b365800 JavaThread "Cache worker for execution history cache (C:\Users\user\.gradle\caches\6.5\executionHistory)" [_thread_blocked, id=11696, stack(0x0000000022a10000,0x0000000022b10000)]
  0x000000001b2eb800 JavaThread "Cache worker for cache directory md-rule (C:\Users\user\.gradle\caches\6.5\md-rule)" [_thread_blocked, id=3172, stack(0x0000000022710000,0x0000000022810000)]
  0x000000001b2ea000 JavaThread "Cache worker for cache directory md-supplier (C:\Users\user\.gradle\caches\6.5\md-supplier)" [_thread_blocked, id=10148, stack(0x0000000022610000,0x0000000022710000)]
  0x000000001b2e9800 JavaThread "Cache worker for checksums cache (C:\Users\user\AndroidStudioProjects\RickMortyZuri\.gradle\checksums)" [_thread_blocked, id=9812, stack(0x0000000022510000,0x0000000022610000)]
  0x000000001b2ef800 JavaThread "jar transforms Thread 25" [_thread_blocked, id=11688, stack(0x0000000022210000,0x0000000022310000)]
  0x000000001b2ec800 JavaThread "jar transforms Thread 24" [_thread_blocked, id=7416, stack(0x0000000022110000,0x0000000022210000)]
  0x000000001b2e8800 JavaThread "jar transforms Thread 23" [_thread_blocked, id=4564, stack(0x0000000022010000,0x0000000022110000)]
  0x000000001b2ee000 JavaThread "jar transforms Thread 22" [_thread_blocked, id=1300, stack(0x0000000021f10000,0x0000000022010000)]
  0x000000001b2ee800 JavaThread "jar transforms Thread 21" [_thread_blocked, id=1048, stack(0x0000000021e10000,0x0000000021f10000)]
  0x000000001b2eb000 JavaThread "jar transforms Thread 20" [_thread_blocked, id=11176, stack(0x0000000021d10000,0x0000000021e10000)]
  0x000000001b2ed000 JavaThread "jar transforms Thread 19" [_thread_blocked, id=5024, stack(0x0000000021c10000,0x0000000021d10000)]
  0x000000001b2e1000 JavaThread "jar transforms Thread 18" [_thread_blocked, id=6288, stack(0x0000000021b10000,0x0000000021c10000)]
  0x000000001b2e3000 JavaThread "jar transforms Thread 17" [_thread_blocked, id=12128, stack(0x0000000021a10000,0x0000000021b10000)]
  0x000000001b2e8000 JavaThread "jar transforms Thread 16" [_thread_blocked, id=7528, stack(0x0000000021910000,0x0000000021a10000)]
  0x000000001b2e0000 JavaThread "jar transforms Thread 15" [_thread_blocked, id=288, stack(0x0000000021810000,0x0000000021910000)]
  0x000000001b2e7000 JavaThread "jar transforms Thread 14" [_thread_blocked, id=10544, stack(0x0000000021710000,0x0000000021810000)]
  0x000000001b2e2800 JavaThread "jar transforms Thread 13" [_thread_blocked, id=7920, stack(0x0000000021610000,0x0000000021710000)]
  0x000000001b2e5000 JavaThread "jar transforms Thread 12" [_thread_blocked, id=5536, stack(0x0000000021510000,0x0000000021610000)]
  0x000000001b2e6800 JavaThread "jar transforms Thread 11" [_thread_blocked, id=11624, stack(0x0000000021410000,0x0000000021510000)]
  0x000000001b2e1800 JavaThread "jar transforms Thread 10" [_thread_blocked, id=8828, stack(0x0000000021310000,0x0000000021410000)]
  0x000000001b2e5800 JavaThread "jar transforms Thread 9" [_thread_blocked, id=8652, stack(0x0000000021210000,0x0000000021310000)]
  0x000000001b2e4000 JavaThread "jar transforms Thread 8" [_thread_blocked, id=4160, stack(0x000000001fe50000,0x000000001ff50000)]
  0x000000001afa0800 JavaThread "jar transforms Thread 7" [_thread_blocked, id=10236, stack(0x000000001fd50000,0x000000001fe50000)]
  0x000000001af9f800 JavaThread "jar transforms Thread 6" [_thread_blocked, id=9356, stack(0x000000001fc50000,0x000000001fd50000)]
  0x000000001af9f000 JavaThread "jar transforms Thread 5" [_thread_blocked, id=10292, stack(0x000000001fb50000,0x000000001fc50000)]
  0x000000001afa4000 JavaThread "jar transforms Thread 4" [_thread_blocked, id=11028, stack(0x000000001fa50000,0x000000001fb50000)]
  0x000000001afa3800 JavaThread "jar transforms Thread 3" [_thread_blocked, id=12228, stack(0x000000001f950000,0x000000001fa50000)]
  0x000000001afa1000 JavaThread "jar transforms Thread 2" [_thread_blocked, id=8088, stack(0x000000001f850000,0x000000001f950000)]
  0x000000001af9e000 JavaThread "jar transforms" [_thread_blocked, id=4784, stack(0x000000001f750000,0x000000001f850000)]
  0x000000001afa2000 JavaThread "Cache worker for file hash cache (C:\Users\user\AndroidStudioProjects\RickMortyZuri\.gradle\6.5\fileHashes)" [_thread_blocked, id=7548, stack(0x000000001f650000,0x000000001f750000)]
  0x000000001af9d800 JavaThread "Cache worker for file hash cache (C:\Users\user\.gradle\caches\6.5\fileHashes)" [_thread_blocked, id=8016, stack(0x000000001d3b0000,0x000000001d4b0000)]
  0x000000001afa2800 JavaThread "File lock request listener" [_thread_in_native, id=11436, stack(0x000000001d1b0000,0x000000001d2b0000)]
  0x000000001afdb000 JavaThread "Cache worker for journal cache (C:\Users\user\.gradle\caches\journal-1)" [_thread_blocked, id=11484, stack(0x000000001d0b0000,0x000000001d1b0000)]
  0x000000001aec5000 JavaThread "Thread-9" [_thread_blocked, id=3556, stack(0x000000001cdb0000,0x000000001ceb0000)]
  0x000000001aec1000 JavaThread "Stdin handler" [_thread_blocked, id=3988, stack(0x000000001ccb0000,0x000000001cdb0000)]
  0x000000001ae8e000 JavaThread "Asynchronous log dispatcher for DefaultDaemonConnection: socket connection from /127.0.0.1:52536 to /127.0.0.1:52537" [_thread_blocked, id=10564, stack(0x000000001cbb0000,0x000000001ccb0000)]
  0x000000001ae89800 JavaThread "Daemon worker" [_thread_in_Java, id=5020, stack(0x000000001cab0000,0x000000001cbb0000)]
  0x000000001ae88800 JavaThread "Cancel handler" [_thread_blocked, id=7876, stack(0x000000001c9b0000,0x000000001cab0000)]
  0x0000000019a2a000 JavaThread "Handler for socket connection from /127.0.0.1:52536 to /127.0.0.1:52537" [_thread_in_native, id=736, stack(0x000000001c8b0000,0x000000001c9b0000)]
  0x0000000019a27000 JavaThread "Daemon periodic checks" [_thread_blocked, id=1568, stack(0x000000001c5b0000,0x000000001c6b0000)]
  0x0000000019a25800 JavaThread "Daemon" [_thread_blocked, id=1564, stack(0x000000001c4b0000,0x000000001c5b0000)]
  0x000000001ae19000 JavaThread "Incoming local TCP Connector on port 52536" [_thread_in_native, id=3924, stack(0x000000001c270000,0x000000001c370000)]
  0x000000001ada4000 JavaThread "Daemon health stats" [_thread_blocked, id=12284, stack(0x000000001bd30000,0x000000001be30000)]
  0x0000000018db9800 JavaThread "Service Thread" daemon [_thread_blocked, id=7228, stack(0x0000000019190000,0x0000000019290000)]
  0x0000000017454000 JavaThread "C1 CompilerThread2" daemon [_thread_in_native, id=2408, stack(0x0000000018c90000,0x0000000018d90000)]
  0x000000001744d800 JavaThread "C2 CompilerThread1" daemon [_thread_in_native, id=624, stack(0x0000000018b90000,0x0000000018c90000)]
=>0x0000000017447800 JavaThread "C2 CompilerThread0" daemon [_thread_in_native, id=11016, stack(0x0000000018a90000,0x0000000018b90000)]
  0x0000000017445000 JavaThread "Attach Listener" daemon [_thread_blocked, id=11684, stack(0x0000000018990000,0x0000000018a90000)]
  0x0000000017441800 JavaThread "Signal Dispatcher" daemon [_thread_blocked, id=2712, stack(0x0000000018890000,0x0000000018990000)]
  0x000000000281b800 JavaThread "Finalizer" daemon [_thread_blocked, id=3300, stack(0x00000000186a0000,0x00000000187a0000)]
  0x0000000017429000 JavaThread "Reference Handler" daemon [_thread_blocked, id=10956, stack(0x00000000185a0000,0x00000000186a0000)]
  0x000000000271e000 JavaThread "main" [_thread_blocked, id=3028, stack(0x00000000025f0000,0x00000000026f0000)]

Other Threads:
  0x0000000017406800 VMThread [stack: 0x00000000184a0000,0x00000000185a0000] [id=1616]
  0x0000000018dbb000 WatcherThread [stack: 0x0000000019290000,0x0000000019390000] [id=11508]

VM state:not at safepoint (normal execution)

VM Mutex/Monitor currently owned by a thread: None

heap address: 0x0000000080000000, size: 2048 MB, Compressed Oops mode: 32-bit
Narrow klass base: 0x0000000000000000, Narrow klass shift: 3
Compressed class space size: 1073741824 Address: 0x0000000100000000

Heap:
 PSYoungGen      total 111616K, used 49971K [0x00000000d5580000, 0x00000000dde00000, 0x0000000100000000)
  eden space 105984K, 42% used [0x00000000d5580000,0x00000000d80f8cf8,0x00000000dbd00000)
  from space 5632K, 96% used [0x00000000dd880000,0x00000000dddd41a0,0x00000000dde00000)
  to   space 10240K, 0% used [0x00000000dca00000,0x00000000dca00000,0x00000000dd400000)
 ParOldGen       total 50688K, used 7199K [0x0000000080000000, 0x0000000083180000, 0x00000000d5580000)
  object space 50688K, 14% used [0x0000000080000000,0x0000000080707c50,0x0000000083180000)
 Metaspace       used 31341K, capacity 32468K, committed 32768K, reserved 1077248K
  class space    used 4223K, capacity 4513K, committed 4608K, reserved 1048576K

Card table byte_map: [0x0000000011be0000,0x0000000011ff0000] byte_map_base: 0x00000000117e0000

Marking Bits: (ParMarkBitMap*) 0x00000000601ff030
 Begin Bits: [0x00000000126a0000, 0x00000000146a0000)
 End Bits:   [0x00000000146a0000, 0x00000000166a0000)

Polling page: 0x0000000000d10000

CodeCache: size=245760Kb used=9940Kb max_used=9940Kb free=235819Kb
 bounds [0x0000000002820000, 0x00000000031e0000, 0x0000000011820000]
 total_blobs=3271 nmethods=2591 adapters=593
 compilation: enabled

Compilation events (10 events):
Event: 6.993 Thread 0x0000000017447800 nmethod 2596 0x00000000031c8ed0 code [0x00000000031c9020, 0x00000000031c93b8]
Event: 6.994 Thread 0x0000000017454000 2597       3       org.objectweb.asm.MethodWriter::visitTypeInsn (116 bytes)
Event: 6.994 Thread 0x0000000017454000 nmethod 2597 0x00000000031cf150 code [0x00000000031cf300, 0x00000000031cf8a8]
Event: 6.994 Thread 0x0000000017454000 2598       3       org.objectweb.asm.Frame::setLocal (65 bytes)
Event: 6.995 Thread 0x0000000017454000 nmethod 2598 0x00000000031ca350 code [0x00000000031ca4e0, 0x00000000031ca9a8]
Event: 6.995 Thread 0x0000000017454000 2599       1       com.google.common.collect.AbstractMapBasedMultimap::access$000 (5 bytes)
Event: 6.995 Thread 0x0000000017454000 nmethod 2599 0x00000000031cee90 code [0x00000000031cefe0, 0x00000000031cf0d0]
Event: 6.997 Thread 0x0000000017454000 2600       3       org.gradle.internal.Cast::uncheckedCast (2 bytes)
Event: 6.997 Thread 0x0000000017454000 nmethod 2600 0x00000000031c8bd0 code [0x00000000031c8d20, 0x00000000031c8e50]
Event: 6.999 Thread 0x0000000017447800 2601       4       java.net.URLClassLoader$1::run (5 bytes)

GC Heap History (10 events):
Event: 4.119 GC heap before
{Heap before GC invocations=5 (full 0):
 PSYoungGen      total 36864K, used 36848K [0x00000000d5580000, 0x00000000d7e80000, 0x0000000100000000)
  eden space 31744K, 100% used [0x00000000d5580000,0x00000000d7480000,0x00000000d7480000)
  from space 5120K, 99% used [0x00000000d7980000,0x00000000d7e7c030,0x00000000d7e80000)
  to   space 5120K, 0% used [0x00000000d7480000,0x00000000d7480000,0x00000000d7980000)
 ParOldGen       total 84992K, used 2636K [0x0000000080000000, 0x0000000085300000, 0x00000000d5580000)
  object space 84992K, 3% used [0x0000000080000000,0x0000000080293010,0x0000000085300000)
 Metaspace       used 17191K, capacity 17778K, committed 17920K, reserved 1064960K
  class space    used 2341K, capacity 2509K, committed 2560K, reserved 1048576K
Event: 4.133 GC heap after
Heap after GC invocations=5 (full 0):
 PSYoungGen      total 36864K, used 5088K [0x00000000d5580000, 0x00000000da580000, 0x0000000100000000)
  eden space 31744K, 0% used [0x00000000d5580000,0x00000000d5580000,0x00000000d7480000)
  from space 5120K, 99% used [0x00000000d7480000,0x00000000d7978020,0x00000000d7980000)
  to   space 9216K, 0% used [0x00000000d9c80000,0x00000000d9c80000,0x00000000da580000)
 ParOldGen       total 84992K, used 5133K [0x0000000080000000, 0x0000000085300000, 0x00000000d5580000)
  object space 84992K, 6% used [0x0000000080000000,0x00000000805037a0,0x0000000085300000)
 Metaspace       used 17191K, capacity 17778K, committed 17920K, reserved 1064960K
  class space    used 2341K, capacity 2509K, committed 2560K, reserved 1048576K
}
Event: 4.760 GC heap before
{Heap before GC invocations=6 (full 0):
 PSYoungGen      total 36864K, used 36832K [0x00000000d5580000, 0x00000000da580000, 0x0000000100000000)
  eden space 31744K, 100% used [0x00000000d5580000,0x00000000d7480000,0x00000000d7480000)
  from space 5120K, 99% used [0x00000000d7480000,0x00000000d7978020,0x00000000d7980000)
  to   space 9216K, 0% used [0x00000000d9c80000,0x00000000d9c80000,0x00000000da580000)
 ParOldGen       total 84992K, used 5133K [0x0000000080000000, 0x0000000085300000, 0x00000000d5580000)
  object space 84992K, 6% used [0x0000000080000000,0x00000000805037a0,0x0000000085300000)
 Metaspace       used 20091K, capacity 20824K, committed 20992K, reserved 1067008K
  class space    used 2802K, capacity 2996K, committed 3072K, reserved 1048576K
Event: 4.774 GC heap after
Heap after GC invocations=6 (full 0):
 PSYoungGen      total 71168K, used 8914K [0x00000000d5580000, 0x00000000da880000, 0x0000000100000000)
  eden space 61952K, 0% used [0x00000000d5580000,0x00000000d5580000,0x00000000d9200000)
  from space 9216K, 96% used [0x00000000d9c80000,0x00000000da534ab8,0x00000000da580000)
  to   space 10752K, 0% used [0x00000000d9200000,0x00000000d9200000,0x00000000d9c80000)
 ParOldGen       total 84992K, used 5141K [0x0000000080000000, 0x0000000085300000, 0x00000000d5580000)
  object space 84992K, 6% used [0x0000000080000000,0x00000000805057a0,0x0000000085300000)
 Metaspace       used 20091K, capacity 20824K, committed 20992K, reserved 1067008K
  class space    used 2802K, capacity 2996K, committed 3072K, reserved 1048576K
}
Event: 4.865 GC heap before
{Heap before GC invocations=7 (full 0):
 PSYoungGen      total 71168K, used 14499K [0x00000000d5580000, 0x00000000da880000, 0x0000000100000000)
  eden space 61952K, 9% used [0x00000000d5580000,0x00000000d5af4210,0x00000000d9200000)
  from space 9216K, 96% used [0x00000000d9c80000,0x00000000da534ab8,0x00000000da580000)
  to   space 10752K, 0% used [0x00000000d9200000,0x00000000d9200000,0x00000000d9c80000)
 ParOldGen       total 84992K, used 5141K [0x0000000080000000, 0x0000000085300000, 0x00000000d5580000)
  object space 84992K, 6% used [0x0000000080000000,0x00000000805057a0,0x0000000085300000)
 Metaspace       used 20510K, capacity 21214K, committed 21248K, reserved 1067008K
  class space    used 2861K, capacity 3039K, committed 3072K, reserved 1048576K
Event: 4.874 GC heap after
Heap after GC invocations=7 (full 0):
 PSYoungGen      total 72704K, used 4649K [0x00000000d5580000, 0x00000000de280000, 0x0000000100000000)
  eden space 61952K, 0% used [0x00000000d5580000,0x00000000d5580000,0x00000000d9200000)
  from space 10752K, 43% used [0x00000000d9200000,0x00000000d968a4e8,0x00000000d9c80000)
  to   space 10240K, 0% used [0x00000000dd880000,0x00000000dd880000,0x00000000de280000)
 ParOldGen       total 84992K, used 7506K [0x0000000080000000, 0x0000000085300000, 0x00000000d5580000)
  object space 84992K, 8% used [0x0000000080000000,0x0000000080754800,0x0000000085300000)
 Metaspace       used 20510K, capacity 21214K, committed 21248K, reserved 1067008K
  class space    used 2861K, capacity 3039K, committed 3072K, reserved 1048576K
}
Event: 4.874 GC heap before
{Heap before GC invocations=8 (full 1):
 PSYoungGen      total 72704K, used 4649K [0x00000000d5580000, 0x00000000de280000, 0x0000000100000000)
  eden space 61952K, 0% used [0x00000000d5580000,0x00000000d5580000,0x00000000d9200000)
  from space 10752K, 43% used [0x00000000d9200000,0x00000000d968a4e8,0x00000000d9c80000)
  to   space 10240K, 0% used [0x00000000dd880000,0x00000000dd880000,0x00000000de280000)
 ParOldGen       total 84992K, used 7506K [0x0000000080000000, 0x0000000085300000, 0x00000000d5580000)
  object space 84992K, 8% used [0x0000000080000000,0x0000000080754800,0x0000000085300000)
 Metaspace       used 20510K, capacity 21214K, committed 21248K, reserved 1067008K
  class space    used 2861K, capacity 3039K, committed 3072K, reserved 1048576K
Event: 4.929 GC heap after
Heap after GC invocations=8 (full 1):
 PSYoungGen      total 72704K, used 0K [0x00000000d5580000, 0x00000000de280000, 0x0000000100000000)
  eden space 61952K, 0% used [0x00000000d5580000,0x00000000d5580000,0x00000000d9200000)
  from space 10752K, 0% used [0x00000000d9200000,0x00000000d9200000,0x00000000d9c80000)
  to   space 10240K, 0% used [0x00000000dd880000,0x00000000dd880000,0x00000000de280000)
 ParOldGen       total 50688K, used 7191K [0x0000000080000000, 0x0000000083180000, 0x00000000d5580000)
  object space 50688K, 14% used [0x0000000080000000,0x0000000080705c50,0x0000000083180000)
 Metaspace       used 20510K, capacity 21214K, committed 21248K, reserved 1067008K
  class space    used 2861K, capacity 3039K, committed 3072K, reserved 1048576K
}
Event: 5.937 GC heap before
{Heap before GC invocations=9 (full 1):
 PSYoungGen      total 72704K, used 61952K [0x00000000d5580000, 0x00000000de280000, 0x0000000100000000)
  eden space 61952K, 100% used [0x00000000d5580000,0x00000000d9200000,0x00000000d9200000)
  from space 10752K, 0% used [0x00000000d9200000,0x00000000d9200000,0x00000000d9c80000)
  to   space 10240K, 0% used [0x00000000dd880000,0x00000000dd880000,0x00000000de280000)
 ParOldGen       total 50688K, used 7191K [0x0000000080000000, 0x0000000083180000, 0x00000000d5580000)
  object space 50688K, 14% used [0x0000000080000000,0x0000000080705c50,0x0000000083180000)
 Metaspace       used 24308K, capacity 25286K, committed 25600K, reserved 1071104K
  class space    used 3468K, capacity 3735K, committed 3840K, reserved 1048576K
Event: 5.944 GC heap after
Heap after GC invocations=9 (full 1):
 PSYoungGen      total 111616K, used 5456K [0x00000000d5580000, 0x00000000dde00000, 0x0000000100000000)
  eden space 105984K, 0% used [0x00000000d5580000,0x00000000d5580000,0x00000000dbd00000)
  from space 5632K, 96% used [0x00000000dd880000,0x00000000dddd41a0,0x00000000dde00000)
  to   space 10240K, 0% used [0x00000000dca00000,0x00000000dca00000,0x00000000dd400000)
 ParOldGen       total 50688K, used 7199K [0x0000000080000000, 0x0000000083180000, 0x00000000d5580000)
  object space 50688K, 14% used [0x0000000080000000,0x0000000080707c50,0x0000000083180000)
 Metaspace       used 24308K, capacity 25286K, committed 25600K, reserved 1071104K
  class space    used 3468K, capacity 3735K, committed 3840K, reserved 1048576K
}

Deoptimization events (10 events):
Event: 5.032 Thread 0x000000001ae89800 Uncommon trap: reason=bimorphic action=maybe_recompile pc=0x0000000002deaf74 method=java.lang.ClassLoader.getPackage(Ljava/lang/String;)Ljava/lang/Package; @ 47
Event: 5.033 Thread 0x000000001ae89800 Uncommon trap: reason=unstable_if action=reinterpret pc=0x0000000002deac28 method=java.net.URLClassLoader.getAndVerifyPackage(Ljava/lang/String;Ljava/util/jar/Manifest;Ljava/net/URL;)Ljava/lang/Package; @ 62
Event: 5.344 Thread 0x000000001ae89800 Uncommon trap: reason=unstable_if action=reinterpret pc=0x0000000002dd05a0 method=java.util.HashMap.hash(Ljava/lang/Object;)I @ 1
Event: 5.379 Thread 0x000000001ae89800 Uncommon trap: reason=unstable_if action=reinterpret pc=0x0000000002e306bc method=jdk.internal.org.objectweb.asm.Type.getArgumentsAndReturnSizes(Ljava/lang/String;)I @ 88
Event: 5.495 Thread 0x000000001ae89800 Uncommon trap: reason=unstable_if action=reinterpret pc=0x0000000002b1178c method=java.io.WinNTFileSystem.resolve(Ljava/lang/String;Ljava/lang/String;)Ljava/lang/String; @ 49
Event: 6.049 Thread 0x000000001ae89800 Uncommon trap: reason=unstable_if action=reinterpret pc=0x0000000002eb31cc method=java.lang.ClassLoader.getClassLoadingLock(Ljava/lang/String;)Ljava/lang/Object; @ 6
Event: 6.096 Thread 0x000000001ae89800 Uncommon trap: reason=bimorphic action=maybe_recompile pc=0x0000000002e6ac10 method=java.io.BufferedInputStream.read([BII)I @ 101
Event: 6.096 Thread 0x000000001ae89800 Uncommon trap: reason=bimorphic action=maybe_recompile pc=0x0000000002e6ac10 method=java.io.BufferedInputStream.read([BII)I @ 101
Event: 6.097 Thread 0x000000001ae89800 Uncommon trap: reason=bimorphic action=maybe_recompile pc=0x0000000002e6ac10 method=java.io.BufferedInputStream.read([BII)I @ 101
Event: 6.098 Thread 0x000000001ae89800 Uncommon trap: reason=bimorphic action=maybe_recompile pc=0x0000000002e6ac10 method=java.io.BufferedInputStream.read([BII)I @ 101

Classes redefined (0 events):
No events

Internal exceptions (10 events):
Event: 6.572 Thread 0x000000001ae89800 Exception <a 'java/lang/ClassNotFoundException': org/gradle/internal/extensibility/DefaultExtraPropertiesExtensionBeanInfo> (0x00000000d6d4f348) thrown at [C:\src\AOSP-openjdk-git\hotspot\src\share\vm\classfile\systemDictionary.cpp, line 210]
Event: 6.572 Thread 0x000000001ae89800 Exception <a 'java/lang/ClassNotFoundException': org/gradle/internal/extensibility/DefaultExtraPropertiesExtensionCustomizer> (0x00000000d6d6e158) thrown at [C:\src\AOSP-openjdk-git\hotspot\src\share\vm\classfile\systemDictionary.cpp, line 210]
Event: 6.598 Thread 0x000000001ae89800 Exception <a 'java/lang/ClassNotFoundException': groovy/lang/Closure$1BeanInfo> (0x00000000d6ec1ca8) thrown at [C:\src\AOSP-openjdk-git\hotspot\src\share\vm\classfile\systemDictionary.cpp, line 210]
Event: 6.599 Thread 0x000000001ae89800 Exception <a 'java/lang/ClassNotFoundException': groovy/lang/ClosureBeanInfo> (0x00000000d6ee07f8) thrown at [C:\src\AOSP-openjdk-git\hotspot\src\share\vm\classfile\systemDictionary.cpp, line 210]
Event: 6.600 Thread 0x000000001ae89800 Exception <a 'java/lang/ClassNotFoundException': groovy/lang/ClosureCustomizer> (0x00000000d6effe70) thrown at [C:\src\AOSP-openjdk-git\hotspot\src\share\vm\classfile\systemDictionary.cpp, line 210]
Event: 6.605 Thread 0x000000001ae89800 Exception <a 'java/lang/ClassNotFoundException': groovy/lang/Closure$1Customizer> (0x00000000d6f6a6e8) thrown at [C:\src\AOSP-openjdk-git\hotspot\src\share\vm\classfile\systemDictionary.cpp, line 210]
Event: 6.763 Thread 0x000000001ae89800 Exception <a 'java/lang/ClassNotFoundException': org/gradle/internal/metaobject/ConfigureDelegateBeanInfo> (0x00000000d762a828) thrown at [C:\src\AOSP-openjdk-git\hotspot\src\share\vm\classfile\systemDictionary.cpp, line 210]
Event: 6.764 Thread 0x000000001ae89800 Exception <a 'java/lang/ClassNotFoundException': org/gradle/internal/metaobject/ConfigureDelegateCustomizer> (0x00000000d76582f0) thrown at [C:\src\AOSP-openjdk-git\hotspot\src\share\vm\classfile\systemDictionary.cpp, line 210]
Event: 6.770 Thread 0x000000001ae89800 Exception <a 'java/lang/ClassNotFoundException': org/gradle/api/internal/initialization/DefaultScriptHandlerBeanInfo> (0x00000000d76db780) thrown at [C:\src\AOSP-openjdk-git\hotspot\src\share\vm\classfile\systemDictionary.cpp, line 210]
Event: 6.771 Thread 0x000000001ae89800 Exception <a 'java/lang/ClassNotFoundException': org/gradle/api/internal/initialization/DefaultScriptHandlerCustomizer> (0x00000000d7711708) thrown at [C:\src\AOSP-openjdk-git\hotspot\src\share\vm\classfile\systemDictionary.cpp, line 210]

Events (10 events):
Event: 6.997 loading class org/gradle/api/internal/artifacts/dsl/dependencies/DefaultDependencyHandler$DirectDependencyAdder
Event: 6.997 loading class org/gradle/api/internal/artifacts/dsl/dependencies/DefaultDependencyHandler$DirectDependencyAdder done
Event: 6.998 loading class groovy/lang/ExpandoMetaClassCreationHandle
Event: 6.998 loading class groovy/lang/ExpandoMetaClassCreationHandle done
Event: 6.999 loading class org/codehaus/groovy/runtime/ScriptBytecodeAdapter
Event: 6.999 loading class org/codehaus/groovy/runtime/ScriptBytecodeAdapter done
Event: 6.999 loading class org/codehaus/groovy/runtime/ScriptBytecodeAdapter
Event: 6.999 loading class org/codehaus/groovy/runtime/ScriptBytecodeAdapter done
Event: 7.057 loading class org/codehaus/groovy/runtime/wrappers/GroovyObjectWrapper
Event: 7.057 loading class org/codehaus/groovy/runtime/wrappers/GroovyObjectWrapper done


Dynamic libraries:
0x00007ff725200000 - 0x00007ff725231000 	C:\Program Files\Android\Android Studio\jre\bin\java.exe
0x00007ffe4bc40000 - 0x00007ffe4be21000 	C:\Windows\SYSTEM32\ntdll.dll
0x00007ffe4b5b0000 - 0x00007ffe4b662000 	C:\Windows\System32\KERNEL32.DLL
0x00007ffe48850000 - 0x00007ffe48ac3000 	C:\Windows\System32\KERNELBASE.dll
0x00007ffe4b670000 - 0x00007ffe4b711000 	C:\Windows\System32\ADVAPI32.dll
0x00007ffe4b730000 - 0x00007ffe4b7ce000 	C:\Windows\System32\msvcrt.dll
0x00007ffe4b2c0000 - 0x00007ffe4b31b000 	C:\Windows\System32\sechost.dll
0x00007ffe4bae0000 - 0x00007ffe4bc04000 	C:\Windows\System32\RPCRT4.dll
0x00007ffe4b0d0000 - 0x00007ffe4b260000 	C:\Windows\System32\USER32.dll
0x00007ffe48f10000 - 0x00007ffe48f30000 	C:\Windows\System32\win32u.dll
0x00007ffe4b580000 - 0x00007ffe4b5a8000 	C:\Windows\System32\GDI32.dll
0x00007ffe48f30000 - 0x00007ffe490c2000 	C:\Windows\System32\gdi32full.dll
0x00007ffe48e20000 - 0x00007ffe48ebf000 	C:\Windows\System32\msvcp_win.dll
0x00007ffe48d20000 - 0x00007ffe48e1a000 	C:\Windows\System32\ucrtbase.dll
0x00007ffe38ac0000 - 0x00007ffe38d29000 	C:\Windows\WinSxS\amd64_microsoft.windows.common-controls_6595b64144ccf1df_6.0.17134.112_none_fb3f961b30681c12\COMCTL32.dll
0x00007ffe4a6d0000 - 0x00007ffe4a9f3000 	C:\Windows\System32\combase.dll
0x00007ffe48010000 - 0x00007ffe4808a000 	C:\Windows\System32\bcryptPrimitives.dll
0x00007ffe491b0000 - 0x00007ffe491dd000 	C:\Windows\System32\IMM32.DLL
0x000000005f950000 - 0x000000005fa22000 	C:\Program Files\Android\Android Studio\jre\jre\bin\msvcr100.dll
0x000000005fa30000 - 0x000000006027b000 	C:\Program Files\Android\Android Studio\jre\jre\bin\server\jvm.dll
0x00007ffe4b720000 - 0x00007ffe4b728000 	C:\Windows\System32\PSAPI.DLL
0x00007ffe341c0000 - 0x00007ffe341c9000 	C:\Windows\SYSTEM32\WSOCK32.dll
0x00007ffe4ac00000 - 0x00007ffe4ac6c000 	C:\Windows\System32\WS2_32.dll
0x00007ffe435b0000 - 0x00007ffe435d3000 	C:\Windows\SYSTEM32\WINMM.dll
0x00007ffe35090000 - 0x00007ffe3509a000 	C:\Windows\SYSTEM32\VERSION.dll
0x00007ffe43580000 - 0x00007ffe435aa000 	C:\Windows\SYSTEM32\WINMMBASE.dll
0x00007ffe48ec0000 - 0x00007ffe48f09000 	C:\Windows\System32\cfgmgr32.dll
0x00007ffe444e0000 - 0x00007ffe444ef000 	C:\Program Files\Android\Android Studio\jre\jre\bin\verify.dll
0x00007ffe42530000 - 0x00007ffe42559000 	C:\Program Files\Android\Android Studio\jre\jre\bin\java.dll
0x00007ffe42dd0000 - 0x00007ffe42de6000 	C:\Program Files\Android\Android Studio\jre\jre\bin\zip.dll
0x00007ffe491e0000 - 0x00007ffe4a620000 	C:\Windows\System32\SHELL32.dll
0x00007ffe4a620000 - 0x00007ffe4a6c9000 	C:\Windows\System32\shcore.dll
0x00007ffe48140000 - 0x00007ffe4884d000 	C:\Windows\System32\windows.storage.dll
0x00007ffe4b520000 - 0x00007ffe4b571000 	C:\Windows\System32\shlwapi.dll
0x00007ffe47fa0000 - 0x00007ffe47fb1000 	C:\Windows\System32\kernel.appcore.dll
0x00007ffe47f60000 - 0x00007ffe47f7f000 	C:\Windows\System32\profapi.dll
0x00007ffe47fc0000 - 0x00007ffe4800c000 	C:\Windows\System32\powrprof.dll
0x00007ffe47f50000 - 0x00007ffe47f5a000 	C:\Windows\System32\FLTLIB.DLL
0x00007ffe42470000 - 0x00007ffe4248a000 	C:\Program Files\Android\Android Studio\jre\jre\bin\net.dll
0x00007ffe477d0000 - 0x00007ffe47836000 	C:\Windows\system32\mswsock.dll
0x00007ffe42370000 - 0x00007ffe42383000 	C:\Program Files\Android\Android Studio\jre\jre\bin\nio.dll
0x00007ffe395c0000 - 0x00007ffe395e7000 	C:\Users\user\.gradle\native\f6784746aeab05261644944871eae4fe03e0ef1612fff0a4a95f87b438bc6780\windows-amd64\native-platform.dll
0x00007ffe424a0000 - 0x00007ffe424ad000 	C:\Program Files\Android\Android Studio\jre\jre\bin\management.dll
0x00007ffe47980000 - 0x00007ffe47997000 	C:\Windows\SYSTEM32\CRYPTSP.dll
0x00007ffe473b0000 - 0x00007ffe473e3000 	C:\Windows\system32\rsaenh.dll
0x00007ffe47ab0000 - 0x00007ffe47ad5000 	C:\Windows\SYSTEM32\bcrypt.dll
0x00007ffe47e50000 - 0x00007ffe47e78000 	C:\Windows\SYSTEM32\USERENV.dll
0x00007ffe479a0000 - 0x00007ffe479ab000 	C:\Windows\SYSTEM32\CRYPTBASE.dll
0x00007ffe47550000 - 0x00007ffe47588000 	C:\Windows\SYSTEM32\IPHLPAPI.DLL
0x00007ffe4b0c0000 - 0x00007ffe4b0c8000 	C:\Windows\System32\NSI.dll
0x00007ffe3d0e0000 - 0x00007ffe3d0f6000 	C:\Windows\SYSTEM32\dhcpcsvc6.DLL
0x00007ffe3f0d0000 - 0x00007ffe3f0ea000 	C:\Windows\SYSTEM32\dhcpcsvc.DLL
0x00007ffe3f060000 - 0x00007ffe3f06b000 	C:\Windows\SYSTEM32\WINNSI.DLL

VM Arguments:
jvm_args: -Xmx2048m -Dfile.encoding=UTF-8 -Duser.country=US -Duser.language=en -Duser.variant 
java_command: org.gradle.launcher.daemon.bootstrap.GradleDaemon 6.5
java_class_path (initial): C:\Users\user\.gradle\wrapper\dists\gradle-6.5-bin\6nifqtx7604sqp1q6g8wikw7p\gradle-6.5\lib\gradle-launcher-6.5.jar
Launcher Type: SUN_STANDARD

Environment Variables:
PATH=C:\Program Files (x86)\Common Files\Oracle\Java\javapath;C:\ProgramData\Oracle\Java\javapath;C:\Windows\system32;C:\Windows;C:\Windows\System32\Wbem;C:\Windows\System32\WindowsPowerShell\v1.0\;C:\Windows\System32\OpenSSH\;C:\Program Files\Microsoft\Web Platform Installer\;C:\Program Files (x86)\Microsoft ASP.NET\ASP.NET Web Pages\v1.0\;C:\Program Files\Microsoft SQL Server\110\Tools\Binn\;c:\Program Files (x86)\Microsoft SQL Server\100\Tools\Binn\;c:\Program Files\Microsoft SQL Server\100\Tools\Binn\;c:\Program Files\Microsoft SQL Server\100\DTS\Binn\;C:\Program Files\Java\jre1.8.0_271\bin;C:\Program Files\Git\cmd;C:\Program Files\nodejs\;C:\Users\user\AppData\Local\Programs\Python\Python38\Scripts\;C:\Users\user\AppData\Local\Programs\Python\Python38\;C:\Users\user\AppData\Local\Microsoft\WindowsApps;C:\Program Files\JetBrains\PyCharm Community Edition 2019.2.5\bin;C:\source\flutter\flutter\bin;C:\Program Files\heroku\bin;C:\Program Files (x86)\Common Files\Java;C:\Users\user\IntelliJ IDEA Community Edition 2020.2.3\bin;C:\Users\user\AppData\Local\Programs\Microsoft VS Code\bin;C:\Users\user\AppData\Roaming\npm;C:\Users\user\AppData\Local\hyper\app-3.0.2\resources\bin;C:\MinGW\bin;
USERNAME=Osemudiamen-Itua
OS=Windows_NT
PROCESSOR_IDENTIFIER=Intel64 Family 6 Model 61 Stepping 4, GenuineIntel



---------------  S Y S T E M  ---------------

OS: Windows 10.0 , 64 bit Build 17134 (10.0.17134.1)

CPU:total 4 (initial active 4) (2 cores per cpu, 2 threads per core) family 6 model 61 stepping 4, cmov, cx8, fxsr, mmx, sse, sse2, sse3, ssse3, sse4.1, sse4.2, popcnt, avx, avx2, aes, clmul, erms, rtm, 3dnowpref, lzcnt, ht, tsc, tscinvbit, bmi1, bmi2, adx

Memory: 4k page, physical 8077532k(1280952k free), swap 8077532k(4336k free)

vm_info: OpenJDK 64-Bit Server VM (25.242-b01) for windows-amd64 JRE (1.8.0_242-release-1644-b01), built by "builder" with MS VC++ 10.0 (VS2010)

time: Wed May 19 16:08:14 2021
timezone: W. Central Africa Standard Time
elapsed time: 7 seconds (0d 0h 0m 7s)

