#
# There is insufficient memory for the Java Runtime Environment to continue.
# Native memory allocation (malloc) failed to allocate 32744 bytes for ChunkPool::allocate
# Possible reasons:
#   The system is out of physical RAM or swap space
#   The process is running with CompressedOops enabled, and the Java Heap may be blocking the growth of the native heap
# Possible solutions:
#   Reduce memory load on the system
#   Increase physical memory or swap space
#   Check if swap backing store is full
#   Decrease Java heap size (-Xmx/-Xms)
#   Decrease number of Java threads
#   Decrease Java thread stack sizes (-Xss)
#   Set larger code cache with -XX:ReservedCodeCacheSize=
#   JVM is running with Unscaled Compressed Oops mode in which the Java heap is
#     placed in the first 4GB address space. The Java Heap base address is the
#     maximum limit for the native heap growth. Please use -XX:HeapBaseMinAddress
#     to set the Java Heap base and to place the Java Heap above 4GB virtual address.
# This output file may be truncated or incomplete.
#
#  Out of Memory Error (allocation.cpp:272), pid=8832, tid=0x000000000000128c
#
# JRE version: OpenJDK Runtime Environment (8.0_242-b01) (build 1.8.0_242-release-1644-b01)
# Java VM: OpenJDK 64-Bit Server VM (25.242-b01 mixed mode windows-amd64 compressed oops)
# Failed to write core dump. Minidumps are not enabled by default on client versions of Windows
#

---------------  T H R E A D  ---------------

Current thread (0x0000000017dbb800):  JavaThread "C2 CompilerThread1" daemon [_thread_in_native, id=4748, stack(0x00000000194f0000,0x00000000195f0000)]

Stack: [0x00000000194f0000,0x00000000195f0000]
[error occurred during error reporting (printing stack bounds), id 0xc0000005]

Native frames: (J=compiled Java code, j=interpreted, Vv=VM code, C=native code)


Current CompileTask:
C2:  22102 5961       4       java.lang.Class::privateGetMethodRecursive (130 bytes)


---------------  P R O C E S S  ---------------

Java Threads: ( => current thread )
  0x0000000020173000 JavaThread "jar transforms Thread 113" [_thread_blocked, id=2776, stack(0x000000002b420000,0x000000002b520000)]
  0x0000000020172800 JavaThread "jar transforms Thread 112" [_thread_blocked, id=6956, stack(0x000000002b320000,0x000000002b420000)]
  0x000000002016e800 JavaThread "jar transforms Thread 111" [_thread_blocked, id=9780, stack(0x000000002b220000,0x000000002b320000)]
  0x0000000020170000 JavaThread "jar transforms Thread 110" [_thread_blocked, id=7576, stack(0x000000002b120000,0x000000002b220000)]
  0x0000000020174000 JavaThread "jar transforms Thread 109" [_thread_blocked, id=6388, stack(0x000000002b020000,0x000000002b120000)]
  0x000000002016e000 JavaThread "jar transforms Thread 108" [_thread_blocked, id=2300, stack(0x000000002af20000,0x000000002b020000)]
  0x000000002016f800 JavaThread "jar transforms Thread 107" [_thread_blocked, id=7064, stack(0x000000002ae20000,0x000000002af20000)]
  0x0000000020165800 JavaThread "jar transforms Thread 106" [_thread_blocked, id=9732, stack(0x000000002ad20000,0x000000002ae20000)]
  0x000000002016b800 JavaThread "jar transforms Thread 105" [_thread_blocked, id=9716, stack(0x000000002ac20000,0x000000002ad20000)]
  0x0000000020169800 JavaThread "jar transforms Thread 104" [_thread_blocked, id=11252, stack(0x000000002ab20000,0x000000002ac20000)]
  0x000000002016b000 JavaThread "jar transforms Thread 103" [_thread_blocked, id=10056, stack(0x000000002aa20000,0x000000002ab20000)]
  0x0000000020166800 JavaThread "jar transforms Thread 102" [_thread_blocked, id=3252, stack(0x000000002a920000,0x000000002aa20000)]
  0x0000000020168800 JavaThread "jar transforms Thread 101" [_thread_blocked, id=7684, stack(0x000000002a820000,0x000000002a920000)]
  0x0000000020168000 JavaThread "jar transforms Thread 100" [_thread_blocked, id=4040, stack(0x000000002a720000,0x000000002a820000)]
  0x000000002016a000 JavaThread "jar transforms Thread 99" [_thread_blocked, id=9544, stack(0x000000002a620000,0x000000002a720000)]
  0x0000000020167000 JavaThread "jar transforms Thread 98" [_thread_blocked, id=9832, stack(0x000000002a520000,0x000000002a620000)]
  0x000000002016c800 JavaThread "jar transforms Thread 97" [_thread_blocked, id=9184, stack(0x000000002a420000,0x000000002a520000)]
  0x000000001bf89800 JavaThread "jar transforms Thread 96" [_thread_blocked, id=3268, stack(0x000000002a320000,0x000000002a420000)]
  0x000000001bf8c000 JavaThread "jar transforms Thread 95" [_thread_blocked, id=9084, stack(0x000000002a120000,0x000000002a220000)]
  0x000000001bf89000 JavaThread "jar transforms Thread 94" [_thread_blocked, id=2864, stack(0x000000002a020000,0x000000002a120000)]
  0x000000001bf87800 JavaThread "jar transforms Thread 93" [_thread_blocked, id=3032, stack(0x0000000029f20000,0x000000002a020000)]
  0x000000001bf8a800 JavaThread "jar transforms Thread 92" [_thread_blocked, id=8924, stack(0x0000000029e20000,0x0000000029f20000)]
  0x000000001bf8c800 JavaThread "jar transforms Thread 91" [_thread_blocked, id=10304, stack(0x0000000029d20000,0x0000000029e20000)]
  0x000000001bf8b000 JavaThread "jar transforms Thread 90" [_thread_blocked, id=11324, stack(0x0000000029c20000,0x0000000029d20000)]
  0x000000001bf88000 JavaThread "jar transforms Thread 89" [_thread_blocked, id=1948, stack(0x0000000029b20000,0x0000000029c20000)]
  0x000000001bf80000 JavaThread "jar transforms Thread 88" [_thread_blocked, id=11956, stack(0x0000000029a20000,0x0000000029b20000)]
  0x000000001bf86800 JavaThread "jar transforms Thread 87" [_thread_blocked, id=5972, stack(0x0000000029920000,0x0000000029a20000)]
  0x000000001bf86000 JavaThread "jar transforms Thread 86" [_thread_blocked, id=3976, stack(0x0000000029820000,0x0000000029920000)]
  0x000000001bf7e800 JavaThread "jar transforms Thread 85" [_thread_blocked, id=3400, stack(0x0000000029720000,0x0000000029820000)]
  0x000000001bf7f000 JavaThread "jar transforms Thread 84" [_thread_blocked, id=6912, stack(0x0000000029620000,0x0000000029720000)]
  0x000000001bf85000 JavaThread "jar transforms Thread 83" [_thread_blocked, id=10484, stack(0x0000000029520000,0x0000000029620000)]
  0x000000001bf84800 JavaThread "jar transforms Thread 82" [_thread_blocked, id=4000, stack(0x0000000029420000,0x0000000029520000)]
  0x000000001bf82000 JavaThread "jar transforms Thread 81" [_thread_blocked, id=11780, stack(0x0000000029320000,0x0000000029420000)]
  0x000000001bf81800 JavaThread "jar transforms Thread 80" [_thread_blocked, id=1500, stack(0x0000000029220000,0x0000000029320000)]
  0x000000001bf83000 JavaThread "jar transforms Thread 79" [_thread_blocked, id=9496, stack(0x0000000029120000,0x0000000029220000)]
  0x000000001bf83800 JavaThread "jar transforms Thread 78" [_thread_blocked, id=6312, stack(0x0000000029020000,0x0000000029120000)]
  0x000000001bf80800 JavaThread "jar transforms Thread 77" [_thread_blocked, id=5768, stack(0x0000000028f20000,0x0000000029020000)]
  0x000000001bf7d800 JavaThread "jar transforms Thread 76" [_thread_blocked, id=10644, stack(0x0000000028e20000,0x0000000028f20000)]
  0x000000001f909800 JavaThread "jar transforms Thread 75" [_thread_blocked, id=10656, stack(0x0000000028d20000,0x0000000028e20000)]
  0x000000001f909000 JavaThread "jar transforms Thread 74" [_thread_blocked, id=5616, stack(0x0000000028c20000,0x0000000028d20000)]
  0x000000001f907800 JavaThread "jar transforms Thread 73" [_thread_blocked, id=2252, stack(0x0000000028b20000,0x0000000028c20000)]
  0x000000001f90a800 JavaThread "jar transforms Thread 72" [_thread_blocked, id=772, stack(0x0000000028a20000,0x0000000028b20000)]
  0x000000001f906800 JavaThread "jar transforms Thread 71" [_thread_blocked, id=4696, stack(0x0000000028920000,0x0000000028a20000)]
  0x000000001f904800 JavaThread "jar transforms Thread 70" [_thread_blocked, id=6468, stack(0x0000000028820000,0x0000000028920000)]
  0x000000001f906000 JavaThread "jar transforms Thread 69" [_thread_blocked, id=2192, stack(0x0000000028720000,0x0000000028820000)]
  0x000000001f902800 JavaThread "jar transforms Thread 68" [_thread_blocked, id=11376, stack(0x0000000028620000,0x0000000028720000)]
  0x000000001f905000 JavaThread "jar transforms Thread 67" [_thread_blocked, id=9860, stack(0x0000000028520000,0x0000000028620000)]
  0x000000001f903800 JavaThread "jar transforms Thread 66" [_thread_blocked, id=12252, stack(0x0000000028420000,0x0000000028520000)]
  0x000000001f908000 JavaThread "jar transforms Thread 65" [_thread_blocked, id=8732, stack(0x0000000028320000,0x0000000028420000)]
  0x000000001f902000 JavaThread "jar transforms Thread 64" [_thread_blocked, id=10920, stack(0x0000000028220000,0x0000000028320000)]
  0x000000001f8fc000 JavaThread "jar transforms Thread 63" [_thread_blocked, id=2608, stack(0x0000000028120000,0x0000000028220000)]
  0x000000001f901000 JavaThread "jar transforms Thread 62" [_thread_blocked, id=7504, stack(0x0000000028020000,0x0000000028120000)]
  0x000000001f8fb000 JavaThread "jar transforms Thread 61" [_thread_blocked, id=9556, stack(0x0000000027f20000,0x0000000028020000)]
  0x000000001f900800 JavaThread "jar transforms Thread 60" [_thread_blocked, id=2996, stack(0x0000000027e20000,0x0000000027f20000)]
  0x000000001f8ff000 JavaThread "jar transforms Thread 59" [_thread_blocked, id=1132, stack(0x0000000027d20000,0x0000000027e20000)]
  0x000000001f8ff800 JavaThread "jar transforms Thread 58" [_thread_blocked, id=1996, stack(0x0000000027c20000,0x0000000027d20000)]
  0x000000001f8fd800 JavaThread "jar transforms Thread 57" [_thread_blocked, id=2216, stack(0x0000000027b20000,0x0000000027c20000)]
  0x000000001f8fc800 JavaThread "jar transforms Thread 56" [_thread_blocked, id=288, stack(0x0000000027a20000,0x0000000027b20000)]
  0x000000001f8fe000 JavaThread "jar transforms Thread 55" [_thread_blocked, id=11272, stack(0x0000000027920000,0x0000000027a20000)]
  0x000000001ac43800 JavaThread "jar transforms Thread 54" [_thread_blocked, id=10264, stack(0x0000000027820000,0x0000000027920000)]
  0x000000001ac4a000 JavaThread "jar transforms Thread 53" [_thread_blocked, id=3692, stack(0x0000000027720000,0x0000000027820000)]
  0x000000001ac48800 JavaThread "jar transforms Thread 52" [_thread_blocked, id=8964, stack(0x0000000027620000,0x0000000027720000)]
  0x000000001ac42800 JavaThread "jar transforms Thread 51" [_thread_blocked, id=3580, stack(0x0000000027520000,0x0000000027620000)]
  0x000000001ac48000 JavaThread "jar transforms Thread 50" [_thread_blocked, id=1360, stack(0x0000000027420000,0x0000000027520000)]
  0x000000001ac47000 JavaThread "jar transforms Thread 49" [_thread_blocked, id=12112, stack(0x0000000027320000,0x0000000027420000)]
  0x000000001ac44000 JavaThread "jar transforms Thread 48" [_thread_blocked, id=8432, stack(0x0000000027220000,0x0000000027320000)]
  0x000000001ac45000 JavaThread "jar transforms Thread 47" [_thread_blocked, id=620, stack(0x0000000027120000,0x0000000027220000)]
  0x000000001ac49800 JavaThread "jar transforms Thread 46" [_thread_blocked, id=1184, stack(0x0000000027020000,0x0000000027120000)]
  0x000000001ac46800 JavaThread "jar transforms Thread 45" [_thread_blocked, id=10916, stack(0x0000000026f20000,0x0000000027020000)]
  0x000000001ac45800 JavaThread "jar transforms Thread 44" [_thread_blocked, id=10632, stack(0x0000000026e20000,0x0000000026f20000)]
  0x000000001ac3b000 JavaThread "jar transforms Thread 43" [_thread_blocked, id=6676, stack(0x0000000026d20000,0x0000000026e20000)]
  0x000000001ac40800 JavaThread "jar transforms Thread 42" [_thread_blocked, id=11792, stack(0x0000000026c20000,0x0000000026d20000)]
  0x000000001ac3f000 JavaThread "jar transforms Thread 41" [_thread_blocked, id=9740, stack(0x0000000026b20000,0x0000000026c20000)]
  0x000000001ac3c800 JavaThread "jar transforms Thread 40" [_thread_blocked, id=2428, stack(0x0000000026a20000,0x0000000026b20000)]
  0x000000001ac42000 JavaThread "jar transforms Thread 39" [_thread_blocked, id=7040, stack(0x0000000026920000,0x0000000026a20000)]
  0x000000001ac41000 JavaThread "jar transforms Thread 38" [_thread_blocked, id=7528, stack(0x0000000026820000,0x0000000026920000)]
  0x000000001ac3f800 JavaThread "jar transforms Thread 37" [_thread_blocked, id=11344, stack(0x0000000026720000,0x0000000026820000)]
  0x000000001ac3d800 JavaThread "jar transforms Thread 36" [_thread_blocked, id=11688, stack(0x0000000026620000,0x0000000026720000)]
  0x000000001ac3c000 JavaThread "jar transforms Thread 35" [_thread_blocked, id=7432, stack(0x0000000026520000,0x0000000026620000)]
  0x000000001ac3e000 JavaThread "jar transforms Thread 34" [_thread_blocked, id=4632, stack(0x0000000026420000,0x0000000026520000)]
  0x000000001bbd4800 JavaThread "jar transforms Thread 33" [_thread_blocked, id=5024, stack(0x0000000026320000,0x0000000026420000)]
  0x000000001bbdb000 JavaThread "jar transforms Thread 32" [_thread_blocked, id=4176, stack(0x0000000026220000,0x0000000026320000)]
  0x000000001bbd7800 JavaThread "jar transforms Thread 31" [_thread_blocked, id=10732, stack(0x0000000026120000,0x0000000026220000)]
  0x000000001bbd3800 JavaThread "jar transforms Thread 30" [_thread_blocked, id=7372, stack(0x0000000026020000,0x0000000026120000)]
  0x000000001bbd6800 JavaThread "jar transforms Thread 29" [_thread_blocked, id=3160, stack(0x0000000025f20000,0x0000000026020000)]
  0x000000001bbd6000 JavaThread "jar transforms Thread 28" [_thread_blocked, id=2760, stack(0x0000000025e20000,0x0000000025f20000)]
  0x000000001bbda800 JavaThread "jar transforms Thread 27" [_thread_blocked, id=9300, stack(0x0000000025d20000,0x0000000025e20000)]
  0x000000001bbd9000 JavaThread "jar transforms Thread 26" [_thread_blocked, id=2628, stack(0x0000000025c20000,0x0000000025d20000)]
  0x000000001bbd3000 JavaThread "Build operations Thread 4" [_thread_blocked, id=10344, stack(0x0000000025b20000,0x0000000025c20000)]
  0x000000001bbd9800 JavaThread "Build operations Thread 3" [_thread_blocked, id=2476, stack(0x0000000025a20000,0x0000000025b20000)]
  0x000000001bbd5000 JavaThread "Build operations Thread 2" [_thread_blocked, id=8492, stack(0x0000000025920000,0x0000000025a20000)]
  0x000000001bbd8000 JavaThread "Build operations" [_thread_blocked, id=10500, stack(0x0000000024630000,0x0000000024730000)]
  0x000000001bbcb800 JavaThread "Cache worker for Build Output Cleanup Cache (C:\Users\user\AndroidStudioProjects\ContactList\.gradle\buildOutputCleanup)" [_thread_blocked, id=7072, stack(0x0000000022b40000,0x0000000022c40000)]
  0x000000001bbd0000 JavaThread "Cache worker for file content cache (C:\Users\user\.gradle\caches\6.5\fileContent)" [_thread_blocked, id=12016, stack(0x0000000022a40000,0x0000000022b40000)]
  0x000000001bbd1800 JavaThread "Cache worker for execution history cache (C:\Users\user\.gradle\caches\6.5\executionHistory)" [_thread_blocked, id=10128, stack(0x0000000022540000,0x0000000022640000)]
  0x000000001bbd0800 JavaThread "Cache worker for cache directory md-rule (C:\Users\user\.gradle\caches\6.5\md-rule)" [_thread_blocked, id=10072, stack(0x0000000022240000,0x0000000022340000)]
  0x000000001bbcd800 JavaThread "Cache worker for cache directory md-supplier (C:\Users\user\.gradle\caches\6.5\md-supplier)" [_thread_blocked, id=12128, stack(0x0000000022140000,0x0000000022240000)]
  0x000000001ee50000 JavaThread "Cache worker for checksums cache (C:\Users\user\AndroidStudioProjects\ContactList\.gradle\checksums)" [_thread_blocked, id=8296, stack(0x0000000022040000,0x0000000022140000)]
  0x000000001ee4f000 JavaThread "jar transforms Thread 25" [_thread_blocked, id=11668, stack(0x0000000021f40000,0x0000000022040000)]
  0x000000001ee4b800 JavaThread "jar transforms Thread 24" [_thread_blocked, id=9672, stack(0x0000000021e40000,0x0000000021f40000)]
  0x000000001ee50800 JavaThread "jar transforms Thread 23" [_thread_blocked, id=900, stack(0x0000000021d40000,0x0000000021e40000)]
  0x000000001ee4e800 JavaThread "jar transforms Thread 22" [_thread_blocked, id=11424, stack(0x0000000021c40000,0x0000000021d40000)]
  0x000000001ee4a800 JavaThread "jar transforms Thread 21" [_thread_blocked, id=1312, stack(0x0000000021b40000,0x0000000021c40000)]
  0x000000001ee4d000 JavaThread "jar transforms Thread 20" [_thread_blocked, id=10888, stack(0x0000000021a40000,0x0000000021b40000)]
  0x000000001ee4d800 JavaThread "jar transforms Thread 19" [_thread_blocked, id=8048, stack(0x0000000021940000,0x0000000021a40000)]
  0x000000001ee4c000 JavaThread "jar transforms Thread 18" [_thread_blocked, id=8984, stack(0x0000000021840000,0x0000000021940000)]
  0x000000001ee43000 JavaThread "jar transforms Thread 17" [_thread_blocked, id=7672, stack(0x0000000021740000,0x0000000021840000)]
  0x000000001ee4a000 JavaThread "jar transforms Thread 16" [_thread_blocked, id=6860, stack(0x0000000021640000,0x0000000021740000)]
  0x000000001ee46000 JavaThread "jar transforms Thread 15" [_thread_blocked, id=3916, stack(0x0000000021540000,0x0000000021640000)]
  0x000000001ee42800 JavaThread "jar transforms Thread 14" [_thread_blocked, id=11604, stack(0x0000000021440000,0x0000000021540000)]
  0x000000001ee49000 JavaThread "jar transforms Thread 13" [_thread_blocked, id=11148, stack(0x0000000021340000,0x0000000021440000)]
  0x000000001ee45800 JavaThread "jar transforms Thread 12" [_thread_blocked, id=7772, stack(0x0000000021240000,0x0000000021340000)]
  0x000000001ee44800 JavaThread "jar transforms Thread 11" [_thread_blocked, id=1548, stack(0x0000000021140000,0x0000000021240000)]
  0x000000001ee48800 JavaThread "jar transforms Thread 10" [_thread_blocked, id=10336, stack(0x0000000021040000,0x0000000021140000)]
  0x000000001ee47000 JavaThread "jar transforms Thread 9" [_thread_blocked, id=10640, stack(0x0000000020f40000,0x0000000021040000)]
  0x000000001ee41800 JavaThread "jar transforms Thread 8" [_thread_blocked, id=7808, stack(0x0000000020e40000,0x0000000020f40000)]
  0x000000001ee44000 JavaThread "jar transforms Thread 7" [_thread_blocked, id=5492, stack(0x0000000020d40000,0x0000000020e40000)]
  0x000000001ee47800 JavaThread "jar transforms Thread 6" [_thread_blocked, id=2432, stack(0x0000000020c40000,0x0000000020d40000)]
  0x000000001b9f3800 JavaThread "jar transforms Thread 5" [_thread_blocked, id=3288, stack(0x0000000020b40000,0x0000000020c40000)]
  0x000000001b9f3000 JavaThread "jar transforms Thread 4" [_thread_blocked, id=7740, stack(0x0000000020a40000,0x0000000020b40000)]
  0x000000001b9f0000 JavaThread "jar transforms Thread 3" [_thread_blocked, id=2224, stack(0x0000000020940000,0x0000000020a40000)]
  0x000000001b9f2000 JavaThread "jar transforms Thread 2" [_thread_blocked, id=3392, stack(0x0000000020840000,0x0000000020940000)]
  0x000000001b9f0800 JavaThread "jar transforms" [_thread_blocked, id=2444, stack(0x0000000020740000,0x0000000020840000)]
  0x000000001b9ef000 JavaThread "Cache worker for file hash cache (C:\Users\user\AndroidStudioProjects\ContactList\.gradle\6.5\fileHashes)" [_thread_blocked, id=9884, stack(0x000000001f1b0000,0x000000001f2b0000)]
  0x000000001b9f5000 JavaThread "Cache worker for file hash cache (C:\Users\user\.gradle\caches\6.5\fileHashes)" [_thread_blocked, id=3424, stack(0x000000001de10000,0x000000001df10000)]
  0x000000001b9f1800 JavaThread "File lock release action executor" [_thread_blocked, id=11848, stack(0x000000001dd10000,0x000000001de10000)]
  0x000000001b9ee800 JavaThread "File lock request listener" [_thread_in_native, id=11052, stack(0x000000001dc10000,0x000000001dd10000)]
  0x000000001b9f4800 JavaThread "Cache worker for journal cache (C:\Users\user\.gradle\caches\journal-1)" [_thread_blocked, id=8184, stack(0x000000001da10000,0x000000001db10000)]
  0x000000001b73a800 JavaThread "Thread-9" [_thread_blocked, id=11164, stack(0x000000001d710000,0x000000001d810000)]
  0x000000001b736000 JavaThread "Stdin handler" [_thread_blocked, id=2520, stack(0x000000001d610000,0x000000001d710000)]
  0x000000001b735000 JavaThread "Asynchronous log dispatcher for DefaultDaemonConnection: socket connection from /127.0.0.1:52812 to /127.0.0.1:52814" [_thread_blocked, id=8704, stack(0x000000001d510000,0x000000001d610000)]
  0x000000001b7d0800 JavaThread "Daemon worker" [_thread_in_Java, id=7388, stack(0x000000001d410000,0x000000001d510000)]
  0x000000001b7cf800 JavaThread "Cancel handler" [_thread_blocked, id=852, stack(0x000000001d310000,0x000000001d410000)]
  0x000000001b696800 JavaThread "Handler for socket connection from /127.0.0.1:52812 to /127.0.0.1:52814" [_thread_in_native, id=10896, stack(0x000000001d210000,0x000000001d310000)]
  0x000000001b13c800 JavaThread "Daemon periodic checks" [_thread_blocked, id=8836, stack(0x000000001cf10000,0x000000001d010000)]
  0x000000001b13a000 JavaThread "Daemon" [_thread_blocked, id=11512, stack(0x000000001ce10000,0x000000001cf10000)]
  0x000000001b6e7800 JavaThread "Incoming local TCP Connector on port 52812" [_thread_in_native, id=3284, stack(0x000000001cbd0000,0x000000001ccd0000)]
  0x0000000019a8e800 JavaThread "Daemon health stats" [_thread_blocked, id=4316, stack(0x000000001c690000,0x000000001c790000)]
  0x000000001971d000 JavaThread "Service Thread" daemon [_thread_blocked, id=3136, stack(0x0000000019af0000,0x0000000019bf0000)]
  0x0000000017dfe800 JavaThread "C1 CompilerThread2" daemon [_thread_blocked, id=4504, stack(0x00000000195f0000,0x00000000196f0000)]
=>0x0000000017dbb800 JavaThread "C2 CompilerThread1" daemon [_thread_in_native, id=4748, stack(0x00000000194f0000,0x00000000195f0000)]
  0x0000000017db8800 JavaThread "C2 CompilerThread0" daemon [_thread_in_native, id=9468, stack(0x00000000193f0000,0x00000000194f0000)]
  0x0000000017db6000 JavaThread "Attach Listener" daemon [_thread_blocked, id=7080, stack(0x00000000192f0000,0x00000000193f0000)]
  0x0000000017db3000 JavaThread "Signal Dispatcher" daemon [_thread_blocked, id=10524, stack(0x00000000191f0000,0x00000000192f0000)]
  0x000000000315b800 JavaThread "Finalizer" daemon [_thread_blocked, id=10188, stack(0x0000000019000000,0x0000000019100000)]
  0x0000000017d99000 JavaThread "Reference Handler" daemon [_thread_blocked, id=6660, stack(0x0000000018f00000,0x0000000019000000)]
  0x000000000166e000 JavaThread "main" [_thread_blocked, id=2092, stack(0x0000000002f50000,0x0000000003050000)]

Other Threads:
  0x0000000017d76800 VMThread [stack: 0x0000000018e00000,0x0000000018f00000] [id=7304]
  0x000000001971e000 WatcherThread [stack: 0x0000000019bf0000,0x0000000019cf0000] [id=6508]

VM state:not at safepoint (normal execution)

VM Mutex/Monitor currently owned by a thread: None

heap address: 0x0000000080000000, size: 2048 MB, Compressed Oops mode: 32-bit
Narrow klass base: 0x0000000000000000, Narrow klass shift: 3
Compressed class space size: 1073741824 Address: 0x0000000100000000

Heap:
 PSYoungGen      total 232448K, used 25236K [0x00000000d5580000, 0x00000000e4b80000, 0x0000000100000000)
  eden space 213504K, 11% used [0x00000000d5580000,0x00000000d6e25288,0x00000000e2600000)
  from space 18944K, 0% used [0x00000000e3780000,0x00000000e3780000,0x00000000e4a00000)
  to   space 17920K, 0% used [0x00000000e2600000,0x00000000e2600000,0x00000000e3780000)
 ParOldGen       total 112640K, used 33456K [0x0000000080000000, 0x0000000086e00000, 0x00000000d5580000)
  object space 112640K, 29% used [0x0000000080000000,0x00000000820ac288,0x0000000086e00000)
 Metaspace       used 57426K, capacity 59738K, committed 59992K, reserved 1101824K
  class space    used 7491K, capacity 7970K, committed 8064K, reserved 1048576K

Card table byte_map: [0x0000000012520000,0x0000000012930000] byte_map_base: 0x0000000012120000

Marking Bits: (ParMarkBitMap*) 0x00000000601ff030
 Begin Bits: [0x0000000012fe0000, 0x0000000014fe0000)
 End Bits:   [0x0000000014fe0000, 0x0000000016fe0000)

Polling page: 0x0000000001640000

CodeCache: size=245760Kb used=19381Kb max_used=19385Kb free=226378Kb
 bounds [0x0000000003160000, 0x0000000004460000, 0x0000000012160000]
 total_blobs=6220 nmethods=5425 adapters=705
 compilation: enabled

Compilation events (10 events):
Event: 22.070 Thread 0x0000000017dfe800 nmethod 5970 0x000000000443d4d0 code [0x000000000443d6a0, 0x000000000443dd28]
Event: 22.072 Thread 0x0000000017dfe800 5972       3       groovy.lang.MetaClassImpl::applyStrayPropertyMethods (293 bytes)
Event: 22.075 Thread 0x0000000017dfe800 nmethod 5972 0x0000000004455310 code [0x00000000044557a0, 0x0000000004458a18]
Event: 22.079 Thread 0x0000000017db8800 nmethod 5969 0x000000000445cdd0 code [0x000000000445cf80, 0x000000000445dbd8]
Event: 22.079 Thread 0x0000000017db8800 5971   !   4       com.sun.beans.TypeResolver::resolve (274 bytes)
Event: 22.098 Thread 0x0000000017dfe800 5975       3       java.beans.WeakIdentityMap::getIndex (7 bytes)
Event: 22.099 Thread 0x0000000017dfe800 nmethod 5975 0x000000000443ef90 code [0x000000000443f0e0, 0x000000000443f210]
Event: 22.099 Thread 0x0000000017dfe800 5976       3       java.beans.ThreadGroupContext::getContext (16 bytes)
Event: 22.099 Thread 0x0000000017dfe800 nmethod 5976 0x0000000004440b10 code [0x0000000004440c80, 0x0000000004441008]
Event: 22.099 Thread 0x0000000017dfe800 5977   !   3       java.beans.WeakIdentityMap::removeStaleEntries (154 bytes)

GC Heap History (10 events):
Event: 10.334 GC heap before
{Heap before GC invocations=11 (full 2):
 PSYoungGen      total 129536K, used 10209K [0x00000000d5580000, 0x00000000e0580000, 0x0000000100000000)
  eden space 119296K, 0% used [0x00000000d5580000,0x00000000d5580000,0x00000000dca00000)
  from space 10240K, 99% used [0x00000000dca00000,0x00000000dd3f8580,0x00000000dd400000)
  to   space 12288K, 0% used [0x00000000df980000,0x00000000df980000,0x00000000e0580000)
 ParOldGen       total 49664K, used 8307K [0x0000000080000000, 0x0000000083080000, 0x00000000d5580000)
  object space 49664K, 16% used [0x0000000080000000,0x000000008081ce18,0x0000000083080000)
 Metaspace       used 34126K, capacity 35328K, committed 35416K, reserved 1079296K
  class space    used 4602K, capacity 4915K, committed 4992K, reserved 1048576K
Event: 10.412 GC heap after
Heap after GC invocations=11 (full 2):
 PSYoungGen      total 129536K, used 0K [0x00000000d5580000, 0x00000000e0580000, 0x0000000100000000)
  eden space 119296K, 0% used [0x00000000d5580000,0x00000000d5580000,0x00000000dca00000)
  from space 10240K, 0% used [0x00000000dca00000,0x00000000dca00000,0x00000000dd400000)
  to   space 12288K, 0% used [0x00000000df980000,0x00000000df980000,0x00000000e0580000)
 ParOldGen       total 73216K, used 17533K [0x0000000080000000, 0x0000000084780000, 0x00000000d5580000)
  object space 73216K, 23% used [0x0000000080000000,0x000000008111f6b0,0x0000000084780000)
 Metaspace       used 34126K, capacity 35328K, committed 35416K, reserved 1079296K
  class space    used 4602K, capacity 4915K, committed 4992K, reserved 1048576K
}
Event: 13.285 GC heap before
{Heap before GC invocations=12 (full 2):
 PSYoungGen      total 129536K, used 119296K [0x00000000d5580000, 0x00000000e0580000, 0x0000000100000000)
  eden space 119296K, 100% used [0x00000000d5580000,0x00000000dca00000,0x00000000dca00000)
  from space 10240K, 0% used [0x00000000dca00000,0x00000000dca00000,0x00000000dd400000)
  to   space 12288K, 0% used [0x00000000df980000,0x00000000df980000,0x00000000e0580000)
 ParOldGen       total 73216K, used 17533K [0x0000000080000000, 0x0000000084780000, 0x00000000d5580000)
  object space 73216K, 23% used [0x0000000080000000,0x000000008111f6b0,0x0000000084780000)
 Metaspace       used 40453K, capacity 42118K, committed 42200K, reserved 1085440K
  class space    used 5431K, capacity 5812K, committed 5888K, reserved 1048576K
Event: 13.364 GC heap after
Heap after GC invocations=12 (full 2):
 PSYoungGen      total 166912K, used 11591K [0x00000000d5580000, 0x00000000e1280000, 0x0000000100000000)
  eden space 154624K, 0% used [0x00000000d5580000,0x00000000d5580000,0x00000000dec80000)
  from space 12288K, 94% used [0x00000000df980000,0x00000000e04d1e30,0x00000000e0580000)
  to   space 13312K, 0% used [0x00000000dec80000,0x00000000dec80000,0x00000000df980000)
 ParOldGen       total 73216K, used 17541K [0x0000000080000000, 0x0000000084780000, 0x00000000d5580000)
  object space 73216K, 23% used [0x0000000080000000,0x00000000811216b0,0x0000000084780000)
 Metaspace       used 40453K, capacity 42118K, committed 42200K, reserved 1085440K
  class space    used 5431K, capacity 5812K, committed 5888K, reserved 1048576K
}
Event: 18.743 GC heap before
{Heap before GC invocations=13 (full 2):
 PSYoungGen      total 166912K, used 166215K [0x00000000d5580000, 0x00000000e1280000, 0x0000000100000000)
  eden space 154624K, 100% used [0x00000000d5580000,0x00000000dec80000,0x00000000dec80000)
  from space 12288K, 94% used [0x00000000df980000,0x00000000e04d1e30,0x00000000e0580000)
  to   space 13312K, 0% used [0x00000000dec80000,0x00000000dec80000,0x00000000df980000)
 ParOldGen       total 73216K, used 17541K [0x0000000080000000, 0x0000000084780000, 0x00000000d5580000)
  object space 73216K, 23% used [0x0000000080000000,0x00000000811216b0,0x0000000084780000)
 Metaspace       used 50942K, capacity 53164K, committed 53336K, reserved 1095680K
  class space    used 6729K, capacity 7172K, committed 7296K, reserved 1048576K
Event: 18.802 GC heap after
Heap after GC invocations=13 (full 2):
 PSYoungGen      total 167936K, used 13296K [0x00000000d5580000, 0x00000000e4a00000, 0x0000000100000000)
  eden space 154624K, 0% used [0x00000000d5580000,0x00000000d5580000,0x00000000dec80000)
  from space 13312K, 99% used [0x00000000dec80000,0x00000000df97c188,0x00000000df980000)
  to   space 18944K, 0% used [0x00000000e3780000,0x00000000e3780000,0x00000000e4a00000)
 ParOldGen       total 73216K, used 27319K [0x0000000080000000, 0x0000000084780000, 0x00000000d5580000)
  object space 73216K, 37% used [0x0000000080000000,0x0000000081aade80,0x0000000084780000)
 Metaspace       used 50942K, capacity 53164K, committed 53336K, reserved 1095680K
  class space    used 6729K, capacity 7172K, committed 7296K, reserved 1048576K
}
Event: 20.611 GC heap before
{Heap before GC invocations=14 (full 2):
 PSYoungGen      total 167936K, used 65886K [0x00000000d5580000, 0x00000000e4a00000, 0x0000000100000000)
  eden space 154624K, 34% used [0x00000000d5580000,0x00000000d88db918,0x00000000dec80000)
  from space 13312K, 99% used [0x00000000dec80000,0x00000000df97c188,0x00000000df980000)
  to   space 18944K, 0% used [0x00000000e3780000,0x00000000e3780000,0x00000000e4a00000)
 ParOldGen       total 73216K, used 27319K [0x0000000080000000, 0x0000000084780000, 0x00000000d5580000)
  object space 73216K, 37% used [0x0000000080000000,0x0000000081aade80,0x0000000084780000)
 Metaspace       used 56612K, capacity 58918K, committed 59028K, reserved 1099776K
  class space    used 7395K, capacity 7845K, committed 7936K, reserved 1048576K
Event: 20.688 GC heap after
Heap after GC invocations=14 (full 2):
 PSYoungGen      total 232448K, used 6608K [0x00000000d5580000, 0x00000000e4b80000, 0x0000000100000000)
  eden space 213504K, 0% used [0x00000000d5580000,0x00000000d5580000,0x00000000e2600000)
  from space 18944K, 34% used [0x00000000e3780000,0x00000000e3df41f8,0x00000000e4a00000)
  to   space 17920K, 0% used [0x00000000e2600000,0x00000000e2600000,0x00000000e3780000)
 ParOldGen       total 73216K, used 36326K [0x0000000080000000, 0x0000000084780000, 0x00000000d5580000)
  object space 73216K, 49% used [0x0000000080000000,0x00000000823798a8,0x0000000084780000)
 Metaspace       used 56612K, capacity 58918K, committed 59028K, reserved 1099776K
  class space    used 7395K, capacity 7845K, committed 7936K, reserved 1048576K
}
Event: 20.688 GC heap before
{Heap before GC invocations=15 (full 3):
 PSYoungGen      total 232448K, used 6608K [0x00000000d5580000, 0x00000000e4b80000, 0x0000000100000000)
  eden space 213504K, 0% used [0x00000000d5580000,0x00000000d5580000,0x00000000e2600000)
  from space 18944K, 34% used [0x00000000e3780000,0x00000000e3df41f8,0x00000000e4a00000)
  to   space 17920K, 0% used [0x00000000e2600000,0x00000000e2600000,0x00000000e3780000)
 ParOldGen       total 73216K, used 36326K [0x0000000080000000, 0x0000000084780000, 0x00000000d5580000)
  object space 73216K, 49% used [0x0000000080000000,0x00000000823798a8,0x0000000084780000)
 Metaspace       used 56612K, capacity 58918K, committed 59028K, reserved 1099776K
  class space    used 7395K, capacity 7845K, committed 7936K, reserved 1048576K
Event: 21.604 GC heap after
Heap after GC invocations=15 (full 3):
 PSYoungGen      total 232448K, used 0K [0x00000000d5580000, 0x00000000e4b80000, 0x0000000100000000)
  eden space 213504K, 0% used [0x00000000d5580000,0x00000000d5580000,0x00000000e2600000)
  from space 18944K, 0% used [0x00000000e3780000,0x00000000e3780000,0x00000000e4a00000)
  to   space 17920K, 0% used [0x00000000e2600000,0x00000000e2600000,0x00000000e3780000)
 ParOldGen       total 112640K, used 33456K [0x0000000080000000, 0x0000000086e00000, 0x00000000d5580000)
  object space 112640K, 29% used [0x0000000080000000,0x00000000820ac288,0x0000000086e00000)
 Metaspace       used 56554K, capacity 58790K, committed 59028K, reserved 1099776K
  class space    used 7380K, capacity 7827K, committed 7936K, reserved 1048576K
}

Deoptimization events (10 events):
Event: 20.097 Thread 0x000000001b7d0800 Uncommon trap: reason=unstable_if action=reinterpret pc=0x00000000042fb9f4 method=com.sun.org.apache.xerces.internal.impl.XMLEntityScanner.checkBeforeLoad(Lcom/sun/xml/internal/stream/Entity$ScannedEntity;II)I @ 18
Event: 20.260 Thread 0x000000001b7d0800 Uncommon trap: reason=unstable_if action=reinterpret pc=0x0000000004133c70 method=org.gradle.internal.instantiation.generator.AbstractClassGenerator$InjectionAnnotationValidator.validateMethod(Ljava/lang/reflect/Method;Lorg/gradle/internal/reflect/Propert
Event: 20.261 Thread 0x000000001b7d0800 Uncommon trap: reason=unstable_if action=reinterpret pc=0x000000000412f9ec method=org.gradle.internal.instantiation.generator.AbstractClassGenerator$InjectionAnnotationValidator.validateMethod(Ljava/lang/reflect/Method;Lorg/gradle/internal/reflect/Propert
Event: 20.390 Thread 0x000000001b7d0800 Uncommon trap: reason=unstable_if action=reinterpret pc=0x0000000003342f54 method=java.lang.String.replace(CC)Ljava/lang/String; @ 2
Event: 20.404 Thread 0x000000001b7d0800 Uncommon trap: reason=unstable_if action=reinterpret pc=0x000000000401da6c method=org.codehaus.groovy.runtime.metaclass.MetaMethodIndex.copyNonPrivateNonNewMetaMethods(Lorg/codehaus/groovy/runtime/metaclass/MetaMethodIndex$Entry;Lorg/codehaus/groovy/runti
Event: 20.405 Thread 0x000000001b7d0800 Uncommon trap: reason=unstable_if action=reinterpret pc=0x0000000003e31f30 method=groovy.lang.MetaClassImpl$1MOPIter.methodNameAction(Ljava/lang/Class;Lorg/codehaus/groovy/runtime/metaclass/MetaMethodIndex$Entry;)V @ 182
Event: 21.682 Thread 0x000000001b7d0800 Uncommon trap: reason=unstable_if action=reinterpret pc=0x000000000353d824 method=java.lang.String.lastIndexOf([CII[CIII)I @ 17
Event: 21.697 Thread 0x000000001b7d0800 Uncommon trap: reason=unstable_if action=reinterpret pc=0x0000000003709ee4 method=java.util.concurrent.ConcurrentHashMap.putVal(Ljava/lang/Object;Ljava/lang/Object;Z)Ljava/lang/Object; @ 195
Event: 21.993 Thread 0x0000000020173000 Uncommon trap: reason=unstable_if action=reinterpret pc=0x000000000412cd60 method=org.objectweb.asm.ByteVector.putInt(I)Lorg/objectweb/asm/ByteVector; @ 13
Event: 22.087 Thread 0x000000001b7d0800 Uncommon trap: reason=null_check action=make_not_entrant pc=0x000000000337fe5c method=java.lang.Class.searchMethods([Ljava/lang/reflect/Method;Ljava/lang/String;[Ljava/lang/Class;)Ljava/lang/reflect/Method; @ 59

Classes redefined (0 events):
No events

Internal exceptions (10 events):
Event: 22.047 Thread 0x000000001b7d0800 Exception <a 'java/lang/ClassNotFoundException': com/android/build/gradle/AbstractAppExtensionBeanInfo> (0x00000000d66ab6d8) thrown at [C:\src\AOSP-openjdk-git\hotspot\src\share\vm\classfile\systemDictionary.cpp, line 210]
Event: 22.047 Thread 0x000000001b7d0800 Exception <a 'java/lang/ClassNotFoundException': com/android/build/gradle/TestedExtensionBeanInfo> (0x00000000d66c78e0) thrown at [C:\src\AOSP-openjdk-git\hotspot\src\share\vm\classfile\systemDictionary.cpp, line 210]
Event: 22.048 Thread 0x000000001b7d0800 Exception <a 'java/lang/ClassNotFoundException': com/android/build/gradle/BaseExtensionBeanInfo> (0x00000000d66e2c10) thrown at [C:\src\AOSP-openjdk-git\hotspot\src\share\vm\classfile\systemDictionary.cpp, line 210]
Event: 22.048 Thread 0x000000001b7d0800 Exception <a 'java/lang/ClassNotFoundException': com/android/build/gradle/BaseExtensionCustomizer> (0x00000000d66fed58) thrown at [C:\src\AOSP-openjdk-git\hotspot\src\share\vm\classfile\systemDictionary.cpp, line 210]
Event: 22.051 Thread 0x000000001b7d0800 Exception <a 'java/lang/ClassNotFoundException': com/android/build/gradle/TestedExtensionCustomizer> (0x00000000d67961f0) thrown at [C:\src\AOSP-openjdk-git\hotspot\src\share\vm\classfile\systemDictionary.cpp, line 210]
Event: 22.052 Thread 0x000000001b7d0800 Exception <a 'java/lang/ClassNotFoundException': com/android/build/gradle/AbstractAppExtensionCustomizer> (0x00000000d67d1d30) thrown at [C:\src\AOSP-openjdk-git\hotspot\src\share\vm\classfile\systemDictionary.cpp, line 210]
Event: 22.053 Thread 0x000000001b7d0800 Exception <a 'java/lang/ClassNotFoundException': com/android/build/gradle/AppExtensionCustomizer> (0x00000000d6806a00) thrown at [C:\src\AOSP-openjdk-git\hotspot\src\share\vm\classfile\systemDictionary.cpp, line 210]
Event: 22.054 Thread 0x000000001b7d0800 Exception <a 'java/lang/ClassNotFoundException': com/android/build/gradle/internal/dsl/BaseAppModuleExtensionCustomizer> (0x00000000d6841058) thrown at [C:\src\AOSP-openjdk-git\hotspot\src\share\vm\classfile\systemDictionary.cpp, line 210]
Event: 22.068 Thread 0x000000001b7d0800 Exception <a 'java/lang/ClassNotFoundException': com/android/build/gradle/internal/dsl/BaseAppModuleExtension_DecoratedCustomizer> (0x00000000d695b0b0) thrown at [C:\src\AOSP-openjdk-git\hotspot\src\share\vm\classfile\systemDictionary.cpp, line 210]
Event: 22.098 Thread 0x000000001b7d0800 Exception <a 'java/lang/ClassNotFoundException': com/android/build/gradle/internal/dsl/DefaultConfig_DecoratedBeanInfo> (0x00000000d6bbfdf0) thrown at [C:\src\AOSP-openjdk-git\hotspot\src\share\vm\classfile\systemDictionary.cpp, line 210]

Events (10 events):
Event: 22.083 loading class org/gradle/util/ConfigureUtil done
Event: 22.084 loading class groovy/runtime/metaclass/com/android/build/gradle/internal/dsl/DefaultConfig_DecoratedMetaClass
Event: 22.084 loading class groovy/runtime/metaclass/com/android/build/gradle/internal/dsl/DefaultConfig_DecoratedMetaClass done
Event: 22.087 Thread 0x000000001b7d0800 Uncommon trap: trap_request=0xfffffff4 fr.pc=0x000000000337fe5c
Event: 22.087 Thread 0x000000001b7d0800 DEOPT PACKING pc=0x000000000337fe5c sp=0x000000001d5068a0
Event: 22.087 Thread 0x000000001b7d0800 DEOPT UNPACKING pc=0x00000000031a557b sp=0x000000001d506878 mode 2
Event: 22.097 loading class com/android/build/gradle/internal/dsl/DefaultConfig_DecoratedBeanInfo
Event: 22.097 loading class com/android/build/gradle/internal/dsl/DefaultConfig_DecoratedBeanInfo done
Event: 22.098 loading class com/android/build/gradle/internal/dsl/DefaultConfig_DecoratedBeanInfo
Event: 22.098 loading class com/android/build/gradle/internal/dsl/DefaultConfig_DecoratedBeanInfo done


Dynamic libraries:
0x00007ff725200000 - 0x00007ff725231000 	C:\Program Files\Android\Android Studio\jre\bin\java.exe
0x00007ffe4bc40000 - 0x00007ffe4be21000 	C:\Windows\SYSTEM32\ntdll.dll
0x00007ffe4b5b0000 - 0x00007ffe4b662000 	C:\Windows\System32\KERNEL32.DLL
0x00007ffe48850000 - 0x00007ffe48ac3000 	C:\Windows\System32\KERNELBASE.dll
0x00007ffe4b670000 - 0x00007ffe4b711000 	C:\Windows\System32\ADVAPI32.dll
0x00007ffe4b730000 - 0x00007ffe4b7ce000 	C:\Windows\System32\msvcrt.dll
0x00007ffe4b2c0000 - 0x00007ffe4b31b000 	C:\Windows\System32\sechost.dll
0x00007ffe4bae0000 - 0x00007ffe4bc04000 	C:\Windows\System32\RPCRT4.dll
0x00007ffe4b0d0000 - 0x00007ffe4b260000 	C:\Windows\System32\USER32.dll
0x00007ffe48f10000 - 0x00007ffe48f30000 	C:\Windows\System32\win32u.dll
0x00007ffe4b580000 - 0x00007ffe4b5a8000 	C:\Windows\System32\GDI32.dll
0x00007ffe48f30000 - 0x00007ffe490c2000 	C:\Windows\System32\gdi32full.dll
0x00007ffe48e20000 - 0x00007ffe48ebf000 	C:\Windows\System32\msvcp_win.dll
0x00007ffe48d20000 - 0x00007ffe48e1a000 	C:\Windows\System32\ucrtbase.dll
0x00007ffe38ac0000 - 0x00007ffe38d29000 	C:\Windows\WinSxS\amd64_microsoft.windows.common-controls_6595b64144ccf1df_6.0.17134.112_none_fb3f961b30681c12\COMCTL32.dll
0x00007ffe4a6d0000 - 0x00007ffe4a9f3000 	C:\Windows\System32\combase.dll
0x00007ffe48010000 - 0x00007ffe4808a000 	C:\Windows\System32\bcryptPrimitives.dll
0x00007ffe491b0000 - 0x00007ffe491dd000 	C:\Windows\System32\IMM32.DLL
0x000000005f950000 - 0x000000005fa22000 	C:\Program Files\Android\Android Studio\jre\jre\bin\msvcr100.dll
0x000000005fa30000 - 0x000000006027b000 	C:\Program Files\Android\Android Studio\jre\jre\bin\server\jvm.dll
0x00007ffe4b720000 - 0x00007ffe4b728000 	C:\Windows\System32\PSAPI.DLL
0x00007ffe341c0000 - 0x00007ffe341c9000 	C:\Windows\SYSTEM32\WSOCK32.dll
0x00007ffe435b0000 - 0x00007ffe435d3000 	C:\Windows\SYSTEM32\WINMM.dll
0x00007ffe4ac00000 - 0x00007ffe4ac6c000 	C:\Windows\System32\WS2_32.dll
0x00007ffe35090000 - 0x00007ffe3509a000 	C:\Windows\SYSTEM32\VERSION.dll
0x00007ffe43580000 - 0x00007ffe435aa000 	C:\Windows\SYSTEM32\winmmbase.dll
0x00007ffe48ec0000 - 0x00007ffe48f09000 	C:\Windows\System32\cfgmgr32.dll
0x00007ffe444e0000 - 0x00007ffe444ef000 	C:\Program Files\Android\Android Studio\jre\jre\bin\verify.dll
0x00007ffe42530000 - 0x00007ffe42559000 	C:\Program Files\Android\Android Studio\jre\jre\bin\java.dll
0x00007ffe42dd0000 - 0x00007ffe42de6000 	C:\Program Files\Android\Android Studio\jre\jre\bin\zip.dll
0x00007ffe491e0000 - 0x00007ffe4a620000 	C:\Windows\System32\SHELL32.dll
0x00007ffe4a620000 - 0x00007ffe4a6c9000 	C:\Windows\System32\shcore.dll
0x00007ffe48140000 - 0x00007ffe4884d000 	C:\Windows\System32\windows.storage.dll
0x00007ffe4b520000 - 0x00007ffe4b571000 	C:\Windows\System32\shlwapi.dll
0x00007ffe47fa0000 - 0x00007ffe47fb1000 	C:\Windows\System32\kernel.appcore.dll
0x00007ffe47f60000 - 0x00007ffe47f7f000 	C:\Windows\System32\profapi.dll
0x00007ffe47fc0000 - 0x00007ffe4800c000 	C:\Windows\System32\powrprof.dll
0x00007ffe47f50000 - 0x00007ffe47f5a000 	C:\Windows\System32\FLTLIB.DLL
0x00007ffe42470000 - 0x00007ffe4248a000 	C:\Program Files\Android\Android Studio\jre\jre\bin\net.dll
0x00007ffe477d0000 - 0x00007ffe47836000 	C:\Windows\system32\mswsock.dll
0x00007ffe42370000 - 0x00007ffe42383000 	C:\Program Files\Android\Android Studio\jre\jre\bin\nio.dll
0x00007ffe395c0000 - 0x00007ffe395e7000 	C:\Users\user\.gradle\native\f6784746aeab05261644944871eae4fe03e0ef1612fff0a4a95f87b438bc6780\windows-amd64\native-platform.dll
0x00007ffe424a0000 - 0x00007ffe424ad000 	C:\Program Files\Android\Android Studio\jre\jre\bin\management.dll
0x00007ffe47980000 - 0x00007ffe47997000 	C:\Windows\SYSTEM32\CRYPTSP.dll
0x00007ffe473b0000 - 0x00007ffe473e3000 	C:\Windows\system32\rsaenh.dll
0x00007ffe47ab0000 - 0x00007ffe47ad5000 	C:\Windows\SYSTEM32\bcrypt.dll
0x00007ffe47e50000 - 0x00007ffe47e78000 	C:\Windows\SYSTEM32\USERENV.dll
0x00007ffe479a0000 - 0x00007ffe479ab000 	C:\Windows\SYSTEM32\CRYPTBASE.dll
0x00007ffe47550000 - 0x00007ffe47588000 	C:\Windows\SYSTEM32\IPHLPAPI.DLL
0x00007ffe4b0c0000 - 0x00007ffe4b0c8000 	C:\Windows\System32\NSI.dll
0x00007ffe3d0e0000 - 0x00007ffe3d0f6000 	C:\Windows\SYSTEM32\dhcpcsvc6.DLL
0x00007ffe3f0d0000 - 0x00007ffe3f0ea000 	C:\Windows\SYSTEM32\dhcpcsvc.DLL
0x00007ffe3f060000 - 0x00007ffe3f06b000 	C:\Windows\SYSTEM32\WINNSI.DLL

VM Arguments:
jvm_args: -Xmx2048m -Dfile.encoding=UTF-8 -Duser.country=US -Duser.language=en -Duser.variant 
java_command: org.gradle.launcher.daemon.bootstrap.GradleDaemon 6.5
java_class_path (initial): C:\Users\user\.gradle\wrapper\dists\gradle-6.5-bin\6nifqtx7604sqp1q6g8wikw7p\gradle-6.5\lib\gradle-launcher-6.5.jar
Launcher Type: SUN_STANDARD

Environment Variables:
PATH=C:\Program Files (x86)\Common Files\Oracle\Java\javapath;C:\ProgramData\Oracle\Java\javapath;C:\Windows\system32;C:\Windows;C:\Windows\System32\Wbem;C:\Windows\System32\WindowsPowerShell\v1.0\;C:\Windows\System32\OpenSSH\;C:\Program Files\Microsoft\Web Platform Installer\;C:\Program Files (x86)\Microsoft ASP.NET\ASP.NET Web Pages\v1.0\;C:\Program Files\Microsoft SQL Server\110\Tools\Binn\;c:\Program Files (x86)\Microsoft SQL Server\100\Tools\Binn\;c:\Program Files\Microsoft SQL Server\100\Tools\Binn\;c:\Program Files\Microsoft SQL Server\100\DTS\Binn\;C:\Program Files\Java\jre1.8.0_271\bin;C:\Program Files\Git\cmd;C:\Program Files\nodejs\;C:\Users\user\AppData\Local\Programs\Python\Python38\Scripts\;C:\Users\user\AppData\Local\Programs\Python\Python38\;C:\Users\user\AppData\Local\Microsoft\WindowsApps;C:\Program Files\JetBrains\PyCharm Community Edition 2019.2.5\bin;C:\source\flutter\flutter\bin;C:\Program Files\heroku\bin;C:\Program Files (x86)\Common Files\Java;C:\Users\user\IntelliJ IDEA Community Edition 2020.2.3\bin;C:\Users\user\AppData\Local\Programs\Microsoft VS Code\bin;C:\Users\user\AppData\Roaming\npm;C:\Users\user\AppData\Local\hyper\app-3.0.2\resources\bin;C:\MinGW\bin;
USERNAME=Osemudiamen-Itua
OS=Windows_NT
PROCESSOR_IDENTIFIER=Intel64 Family 6 Model 61 Stepping 4, GenuineIntel



---------------  S Y S T E M  ---------------

OS: Windows 10.0 , 64 bit Build 17134 (10.0.17134.1)

CPU:total 4 (initial active 4) (2 cores per cpu, 2 threads per core) family 6 model 61 stepping 4, cmov, cx8, fxsr, mmx, sse, sse2, sse3, ssse3, sse4.1, sse4.2, popcnt, avx, avx2, aes, clmul, erms, rtm, 3dnowpref, lzcnt, ht, tsc, tscinvbit, bmi1, bmi2, adx

Memory: 4k page, physical 8077532k(1231024k free), swap 8077532k(3108k free)

vm_info: OpenJDK 64-Bit Server VM (25.242-b01) for windows-amd64 JRE (1.8.0_242-release-1644-b01), built by "builder" with MS VC++ 10.0 (VS2010)

time: Wed May 19 16:27:39 2021
timezone: W. Central Africa Standard Time
elapsed time: 22 seconds (0d 0h 0m 22s)

